<?xml version="1.0" encoding="UTF-8"?>
<coverage generated="1713864467468" clover="3.2.0">
  <project timestamp="1713864467468" name="All files">
    <metrics statements="6" coveredstatements="6" conditionals="4" coveredconditionals="4" methods="2" coveredmethods="2" elements="12" coveredelements="12" complexity="0" loc="6" ncloc="6" packages="1" files="2" classes="2"/>
    <file name="taxCalculator.ts" path="C:\Users\edwar\Documents\perso\ecole\epsi\tax-calculator\source\taxCalculator.ts">
      <metrics statements="3" coveredstatements="3" conditionals="2" coveredconditionals="2" methods="1" coveredmethods="1"/>
      <line num="1" count="1" type="stmt"/>
      <line num="2" count="4" type="stmt"/>
      <line num="3" count="4" type="cond" truecount="2" falsecount="0"/>
    </file>
    <file name="tvaCalculator.ts" path="C:\Users\edwar\Documents\perso\ecole\epsi\tax-calculator\source\tvaCalculator.ts">
      <metrics statements="3" coveredstatements="3" conditionals="2" coveredconditionals="2" methods="1" coveredmethods="1"/>
      <line num="1" count="1" type="stmt"/>
      <line num="2" count="4" type="stmt"/>
      <line num="3" count="4" type="cond" truecount="2" falsecount="0"/>
    </file>
  </project>
</coverage>
