{"C:\\Users\\edwar\\Documents\\perso\\ecole\\epsi\\tax-calculator\\source\\taxCalculator.ts": {"path":"C:\\Users\\edwar\\Documents\\perso\\ecole\\epsi\\tax-calculator\\source\\taxCalculator.ts","statementMap":{"0":{"start":{"line":2,"column":16},"end":{"line":2,"column":37}},"1":{"start":{"line":3,"column":2},"end":{"line":3,"column":31}},"2":{"start":{"line":1,"column":0},"end":{"line":1,"column":16}}},"fnMap":{"0":{"name":"calculateVAT","decl":{"start":{"line":1,"column":16},"end":{"line":1,"column":28}},"loc":{"start":{"line":1,"column":57},"end":{"line":4,"column":1}}}},"branchMap":{"0":{"loc":{"start":{"line":3,"column":9},"end":{"line":3,"column":30}},"type":"cond-expr","locations":[{"start":{"line":3,"column":21},"end":{"line":3,"column":26}},{"start":{"line":3,"column":29},"end":{"line":3,"column":30}}]}},"s":{"0":4,"1":4,"2":1},"f":{"0":4},"b":{"0":[2,2]}}
,"C:\\Users\\edwar\\Documents\\perso\\ecole\\epsi\\tax-calculator\\source\\tvaCalculator.ts": {"path":"C:\\Users\\edwar\\Documents\\perso\\ecole\\epsi\\tax-calculator\\source\\tvaCalculator.ts","statementMap":{"0":{"start":{"line":2,"column":16},"end":{"line":2,"column":27}},"1":{"start":{"line":3,"column":2},"end":{"line":3,"column":31}},"2":{"start":{"line":1,"column":0},"end":{"line":1,"column":16}}},"fnMap":{"0":{"name":"calculateTVA","decl":{"start":{"line":1,"column":16},"end":{"line":1,"column":28}},"loc":{"start":{"line":1,"column":43},"end":{"line":4,"column":1}}}},"branchMap":{"0":{"loc":{"start":{"line":3,"column":9},"end":{"line":3,"column":30}},"type":"cond-expr","locations":[{"start":{"line":3,"column":21},"end":{"line":3,"column":26}},{"start":{"line":3,"column":29},"end":{"line":3,"column":30}}]}},"s":{"0":4,"1":4,"2":1},"f":{"0":4},"b":{"0":[3,1]}}
}
